This is pdfTeX, Version 3.1415926-2.5-1.40.14 (TeX Live 2013/Debian) (format=pdflatex 2015.4.14)  19 APR 2015 23:10
entering extended mode
 restricted \write18 enabled.
 %&-line parsing enabled.
**assignment_4.tex
(./assignment_4.tex
LaTeX2e <2011/06/27>
Babel <3.9h> and hyphenation patterns for 2 languages loaded.
(/usr/share/texlive/texmf-dist/tex/latex/base/article.cls
Document Class: article 2007/10/19 v1.4h Standard LaTeX document class
(/usr/share/texlive/texmf-dist/tex/latex/base/size10.clo
File: size10.clo 2007/10/19 v1.4h Standard LaTeX file (size option)
)
\c@part=\count79
\c@section=\count80
\c@subsection=\count81
\c@subsubsection=\count82
\c@paragraph=\count83
\c@subparagraph=\count84
\c@figure=\count85
\c@table=\count86
\abovecaptionskip=\skip41
\belowcaptionskip=\skip42
\bibindent=\dimen102
)
(/usr/share/texlive/texmf-dist/tex/latex/listings/listings.sty
(/usr/share/texlive/texmf-dist/tex/latex/graphics/keyval.sty
Package: keyval 1999/03/16 v1.13 key=value parser (DPC)
\KV@toks@=\toks14
)
\lst@mode=\count87
\lst@gtempboxa=\box26
\lst@token=\toks15
\lst@length=\count88
\lst@currlwidth=\dimen103
\lst@column=\count89
\lst@pos=\count90
\lst@lostspace=\dimen104
\lst@width=\dimen105
\lst@newlines=\count91
\lst@lineno=\count92
\lst@maxwidth=\dimen106

(/usr/share/texlive/texmf-dist/tex/latex/listings/lstmisc.sty
File: lstmisc.sty 2013/08/26 1.5b (Carsten Heinz)
\c@lstnumber=\count93
\lst@skipnumbers=\count94
\lst@framebox=\box27
)
(/usr/share/texlive/texmf-dist/tex/latex/listings/listings.cfg
File: listings.cfg 2013/08/26 1.5b listings configuration
))
Package: listings 2013/08/26 1.5b (Carsten Heinz)

(/usr/share/texlive/texmf-dist/tex/latex/mh/mathtools.sty
Package: mathtools 2013/02/12 v1.13 mathematical typesetting tools

(/usr/share/texlive/texmf-dist/tex/latex/tools/calc.sty
Package: calc 2007/08/22 v4.3 Infix arithmetic (KKT,FJ)
\calc@Acount=\count95
\calc@Bcount=\count96
\calc@Adimen=\dimen107
\calc@Bdimen=\dimen108
\calc@Askip=\skip43
\calc@Bskip=\skip44
LaTeX Info: Redefining \setlength on input line 76.
LaTeX Info: Redefining \addtolength on input line 77.
\calc@Ccount=\count97
\calc@Cskip=\skip45
)
(/usr/share/texlive/texmf-dist/tex/latex/mh/mhsetup.sty
Package: mhsetup 2010/01/21 v1.2a programming setup (MH)
)
(/usr/share/texlive/texmf-dist/tex/latex/amsmath/amsmath.sty
Package: amsmath 2013/01/14 v2.14 AMS math features
\@mathmargin=\skip46

For additional information on amsmath, use the `?' option.
(/usr/share/texlive/texmf-dist/tex/latex/amsmath/amstext.sty
Package: amstext 2000/06/29 v2.01

(/usr/share/texlive/texmf-dist/tex/latex/amsmath/amsgen.sty
File: amsgen.sty 1999/11/30 v2.0
\@emptytoks=\toks16
\ex@=\dimen109
))
(/usr/share/texlive/texmf-dist/tex/latex/amsmath/amsbsy.sty
Package: amsbsy 1999/11/29 v1.2d
\pmbraise@=\dimen110
)
(/usr/share/texlive/texmf-dist/tex/latex/amsmath/amsopn.sty
Package: amsopn 1999/12/14 v2.01 operator names
)
\inf@bad=\count98
LaTeX Info: Redefining \frac on input line 210.
\uproot@=\count99
\leftroot@=\count100
LaTeX Info: Redefining \overline on input line 306.
\classnum@=\count101
\DOTSCASE@=\count102
LaTeX Info: Redefining \ldots on input line 378.
LaTeX Info: Redefining \dots on input line 381.
LaTeX Info: Redefining \cdots on input line 466.
\Mathstrutbox@=\box28
\strutbox@=\box29
\big@size=\dimen111
LaTeX Font Info:    Redeclaring font encoding OML on input line 566.
LaTeX Font Info:    Redeclaring font encoding OMS on input line 567.
\macc@depth=\count103
\c@MaxMatrixCols=\count104
\dotsspace@=\muskip10
\c@parentequation=\count105
\dspbrk@lvl=\count106
\tag@help=\toks17
\row@=\count107
\column@=\count108
\maxfields@=\count109
\andhelp@=\toks18
\eqnshift@=\dimen112
\alignsep@=\dimen113
\tagshift@=\dimen114
\tagwidth@=\dimen115
\totwidth@=\dimen116
\lineht@=\dimen117
\@envbody=\toks19
\multlinegap=\skip47
\multlinetaggap=\skip48
\mathdisplay@stack=\toks20
LaTeX Info: Redefining \[ on input line 2665.
LaTeX Info: Redefining \] on input line 2666.
)
LaTeX Info: Thecontrolsequence`\['isalreadyrobust on input line 129.
LaTeX Info: Thecontrolsequence`\]'isalreadyrobust on input line 129.
\g_MT_multlinerow_int=\count110
\l_MT_multwidth_dim=\dimen118
\origjot=\skip49
\l_MT_shortvdotswithinadjustabove_dim=\dimen119
\l_MT_shortvdotswithinadjustbelow_dim=\dimen120
\l_MT_above_intertext_sep=\dimen121
\l_MT_below_intertext_sep=\dimen122
\l_MT_above_shortintertext_sep=\dimen123
\l_MT_below_shortintertext_sep=\dimen124
)
(/usr/share/texlive/texmf-dist/tex/latex/fancyhdr/fancyhdr.sty
\fancy@headwidth=\skip50
\f@ncyO@elh=\skip51
\f@ncyO@erh=\skip52
\f@ncyO@olh=\skip53
\f@ncyO@orh=\skip54
\f@ncyO@elf=\skip55
\f@ncyO@erf=\skip56
\f@ncyO@olf=\skip57
\f@ncyO@orf=\skip58
)
(/usr/share/texlive/texmf-dist/tex/latex/lastpage/lastpage.sty
Package: lastpage 2013/01/28 v1.2l Refers to last page's name (HMM; JPG)
)
(/usr/share/texlive/texmf-dist/tex/latex/fancyhdr/extramarks.sty
\@temptokenb=\toks21
)
(/usr/share/texlive/texmf-dist/tex/latex/graphics/graphicx.sty
Package: graphicx 1999/02/16 v1.0f Enhanced LaTeX Graphics (DPC,SPQR)

(/usr/share/texlive/texmf-dist/tex/latex/graphics/graphics.sty
Package: graphics 2009/02/05 v1.0o Standard LaTeX Graphics (DPC,SPQR)

(/usr/share/texlive/texmf-dist/tex/latex/graphics/trig.sty
Package: trig 1999/03/16 v1.09 sin cos tan (DPC)
)
(/usr/share/texlive/texmf-dist/tex/latex/latexconfig/graphics.cfg
File: graphics.cfg 2010/04/23 v1.9 graphics configuration of TeX Live
)
Package graphics Info: Driver file: pdftex.def on input line 91.

(/usr/share/texlive/texmf-dist/tex/latex/pdftex-def/pdftex.def
File: pdftex.def 2011/05/27 v0.06d Graphics/color for pdfTeX

(/usr/share/texlive/texmf-dist/tex/generic/oberdiek/infwarerr.sty
Package: infwarerr 2010/04/08 v1.3 Providing info/warning/error messages (HO)
)
(/usr/share/texlive/texmf-dist/tex/generic/oberdiek/ltxcmds.sty
Package: ltxcmds 2011/11/09 v1.22 LaTeX kernel commands for general use (HO)
)
\Gread@gobject=\count111
))
\Gin@req@height=\dimen125
\Gin@req@width=\dimen126
)
(/usr/share/texlive/texmf-dist/tex/latex/lipsum/lipsum.sty
Package: lipsum 2011/04/14 v1.2 150 paragraphs of Lorem Ipsum dummy text
\c@lips@count=\count112
)
(/usr/share/texlive/texmf-dist/tex/latex/caption/caption.sty
Package: caption 2013/05/02 v3.3-89 Customizing captions (AR)

(/usr/share/texlive/texmf-dist/tex/latex/caption/caption3.sty
Package: caption3 2013/05/02 v1.6-88 caption3 kernel (AR)
Package caption3 Info: TeX engine: e-TeX on input line 57.
\captionmargin=\dimen127
\captionmargin@=\dimen128
\captionwidth=\dimen129
\caption@tempdima=\dimen130
\caption@indent=\dimen131
\caption@parindent=\dimen132
\caption@hangindent=\dimen133
)
\c@ContinuedFloat=\count113
Package caption Info: listings package is loaded.
)
(/usr/share/texlive/texmf-dist/tex/latex/caption/subcaption.sty
Package: subcaption 2013/02/03 v1.1-62 Sub-captions (AR)
\c@subfigure=\count114
\c@subtable=\count115
)
\c@homeworkProblemCounter=\count116

(./assignment_4.aux)
\openout1 = `assignment_4.aux'.

LaTeX Font Info:    Checking defaults for OML/cmm/m/it on input line 129.
LaTeX Font Info:    ... okay on input line 129.
LaTeX Font Info:    Checking defaults for T1/cmr/m/n on input line 129.
LaTeX Font Info:    ... okay on input line 129.
LaTeX Font Info:    Checking defaults for OT1/cmr/m/n on input line 129.
LaTeX Font Info:    ... okay on input line 129.
LaTeX Font Info:    Checking defaults for OMS/cmsy/m/n on input line 129.
LaTeX Font Info:    ... okay on input line 129.
LaTeX Font Info:    Checking defaults for OMX/cmex/m/n on input line 129.
LaTeX Font Info:    ... okay on input line 129.
LaTeX Font Info:    Checking defaults for U/cmr/m/n on input line 129.
LaTeX Font Info:    ... okay on input line 129.
\c@lstlisting=\count117
Package lastpage Info: Please have a look at the pageslts package at
(lastpage)             http://www.ctan.org/tex-archive/ 
(lastpage)             macros/latex/contrib/pageslts/ 
(lastpage)             or
(lastpage)             http://www.ctan.org/tex-archive/ 
(lastpage)             install/macros/latex/contrib/pageslts.tds.zip
(lastpage)             ! on input line 129.

(/usr/share/texlive/texmf-dist/tex/context/base/supp-pdf.mkii
[Loading MPS to PDF converter (version 2006.09.02).]
\scratchcounter=\count118
\scratchdimen=\dimen134
\scratchbox=\box30
\nofMPsegments=\count119
\nofMParguments=\count120
\everyMPshowfont=\toks22
\MPscratchCnt=\count121
\MPscratchDim=\dimen135
\MPnumerator=\count122
\makeMPintoPDFobject=\count123
\everyMPtoPDFconversion=\toks23
) (/usr/share/texlive/texmf-dist/tex/generic/oberdiek/pdftexcmds.sty
Package: pdftexcmds 2011/11/29 v0.20 Utility functions of pdfTeX for LuaTeX (HO
)

(/usr/share/texlive/texmf-dist/tex/generic/oberdiek/ifluatex.sty
Package: ifluatex 2010/03/01 v1.3 Provides the ifluatex switch (HO)
Package ifluatex Info: LuaTeX not detected.
)
(/usr/share/texlive/texmf-dist/tex/generic/oberdiek/ifpdf.sty
Package: ifpdf 2011/01/30 v2.3 Provides the ifpdf switch (HO)
Package ifpdf Info: pdfTeX in PDF mode is detected.
)
Package pdftexcmds Info: LuaTeX not detected.
Package pdftexcmds Info: \pdf@primitive is available.
Package pdftexcmds Info: \pdf@ifprimitive is available.
Package pdftexcmds Info: \pdfdraftmode found.
)
(/usr/share/texlive/texmf-dist/tex/latex/oberdiek/epstopdf-base.sty
Package: epstopdf-base 2010/02/09 v2.5 Base part for package epstopdf

(/usr/share/texlive/texmf-dist/tex/latex/oberdiek/grfext.sty
Package: grfext 2010/08/19 v1.1 Manage graphics extensions (HO)

(/usr/share/texlive/texmf-dist/tex/generic/oberdiek/kvdefinekeys.sty
Package: kvdefinekeys 2011/04/07 v1.3 Define keys (HO)
))
(/usr/share/texlive/texmf-dist/tex/latex/oberdiek/kvoptions.sty
Package: kvoptions 2011/06/30 v3.11 Key value format for package options (HO)

(/usr/share/texlive/texmf-dist/tex/generic/oberdiek/kvsetkeys.sty
Package: kvsetkeys 2012/04/25 v1.16 Key value parser (HO)

(/usr/share/texlive/texmf-dist/tex/generic/oberdiek/etexcmds.sty
Package: etexcmds 2011/02/16 v1.5 Avoid name clashes with e-TeX commands (HO)
Package etexcmds Info: Could not find \expanded.
(etexcmds)             That can mean that you are not using pdfTeX 1.50 or
(etexcmds)             that some package has redefined \expanded.
(etexcmds)             In the latter case, load this package earlier.
)))
Package grfext Info: Graphics extension search list:
(grfext)             [.png,.pdf,.jpg,.mps,.jpeg,.jbig2,.jb2,.PNG,.PDF,.JPG,.JPE
G,.JBIG2,.JB2,.eps]
(grfext)             \AppendGraphicsExtensions on input line 452.

(/usr/share/texlive/texmf-dist/tex/latex/latexconfig/epstopdf-sys.cfg
File: epstopdf-sys.cfg 2010/07/13 v1.3 Configuration of (r)epstopdf for TeX Liv
e
))
Package caption Info: Begin \AtBeginDocument code.
Package caption Info: End \AtBeginDocument code.

[1

{/var/lib/texmf/fonts/map/pdftex/updmap/pdftex.map}] (./assignment_4.toc)
\tf@toc=\write3
\openout3 = `assignment_4.toc'.


[2] <pic/screenshot.png, id=14, 1216.545pt x 656.4525pt>
File: pic/screenshot.png Graphic file (type png)

<use pic/screenshot.png>
Package pdftex.def Info: pic/screenshot.png used on input line 154.
(pdftex.def)             Requested size: 328.82706pt x 177.43486pt.
 <pic/whiteN1.png, id=16, 513.92pt x 513.92pt>
File: pic/whiteN1.png Graphic file (type png)

<use pic/whiteN1.png>
Package pdftex.def Info: pic/whiteN1.png used on input line 173.
(pdftex.def)             Requested size: 140.92792pt x 140.92458pt.
 <pic/whiteN2.png, id=17, 513.92pt x 513.92pt>
File: pic/whiteN2.png Graphic file (type png)

<use pic/whiteN2.png>
Package pdftex.def Info: pic/whiteN2.png used on input line 174.
(pdftex.def)             Requested size: 140.92792pt x 140.92458pt.
 <pic/whiteN3.png, id=18, 513.92pt x 513.92pt>
File: pic/whiteN3.png Graphic file (type png)

<use pic/whiteN3.png>
Package pdftex.def Info: pic/whiteN3.png used on input line 175.
(pdftex.def)             Requested size: 140.92792pt x 140.92458pt.
 <pic/whiteN4.png, id=19, 513.92pt x 513.92pt>
File: pic/whiteN4.png Graphic file (type png)

<use pic/whiteN4.png>
Package pdftex.def Info: pic/whiteN4.png used on input line 176.
(pdftex.def)             Requested size: 140.92792pt x 140.92458pt.
 <pic/whiteN5.png, id=20, 513.92pt x 513.92pt>
File: pic/whiteN5.png Graphic file (type png)

<use pic/whiteN5.png>
Package pdftex.def Info: pic/whiteN5.png used on input line 177.
(pdftex.def)             Requested size: 140.92792pt x 140.92458pt.
 <pic/whiteN6.png, id=21, 513.92pt x 513.92pt>
File: pic/whiteN6.png Graphic file (type png)

<use pic/whiteN6.png>
Package pdftex.def Info: pic/whiteN6.png used on input line 178.
(pdftex.def)             Requested size: 140.92792pt x 140.92458pt.


LaTeX Warning: `!h' float specifier changed to `!ht'.

<pic/blackN1.png, id=22, 513.92pt x 513.92pt>
File: pic/blackN1.png Graphic file (type png)
 <use pic/blackN1.png>
Package pdftex.def Info: pic/blackN1.png used on input line 185.
(pdftex.def)             Requested size: 140.92792pt x 140.92458pt.

<pic/blackN2.png, id=23, 513.92pt x 513.92pt>
File: pic/blackN2.png Graphic file (type png)
 <use pic/blackN2.png>
Package pdftex.def Info: pic/blackN2.png used on input line 186.
(pdftex.def)             Requested size: 140.92792pt x 140.92458pt.

<pic/blackN3.png, id=24, 513.92pt x 513.92pt>
File: pic/blackN3.png Graphic file (type png)
 <use pic/blackN3.png>
Package pdftex.def Info: pic/blackN3.png used on input line 187.
(pdftex.def)             Requested size: 140.92792pt x 140.92458pt.

<pic/blackN4.png, id=25, 513.92pt x 513.92pt>
File: pic/blackN4.png Graphic file (type png)
 <use pic/blackN4.png>
Package pdftex.def Info: pic/blackN4.png used on input line 188.
(pdftex.def)             Requested size: 140.92792pt x 140.92458pt.

<pic/blackN5.png, id=26, 513.92pt x 513.92pt>
File: pic/blackN5.png Graphic file (type png)
 <use pic/blackN5.png>
Package pdftex.def Info: pic/blackN5.png used on input line 189.
(pdftex.def)             Requested size: 140.92792pt x 140.92458pt.

<pic/blackN6.png, id=27, 513.92pt x 513.92pt>
File: pic/blackN6.png Graphic file (type png)
 <use pic/blackN6.png>
Package pdftex.def Info: pic/blackN6.png used on input line 190.
(pdftex.def)             Requested size: 140.92792pt x 140.92458pt.

<pic/blackN7.png, id=28, 513.92pt x 513.92pt>
File: pic/blackN7.png Graphic file (type png)
 <use pic/blackN7.png>
Package pdftex.def Info: pic/blackN7.png used on input line 191.
(pdftex.def)             Requested size: 140.92792pt x 140.92458pt.


LaTeX Warning: `!h' float specifier changed to `!ht'.

[3 <./pic/screenshot.png>] <pic/steg1_len.png, id=33, 513.92pt x 513.92pt>
File: pic/steg1_len.png Graphic file (type png)

<use pic/steg1_len.png>
Package pdftex.def Info: pic/steg1_len.png used on input line 212.
(pdftex.def)             Requested size: 108.04163pt x 108.03616pt.
 <pic/steg1_bike.png, id=34, 513.92pt x 513.92pt>
File: pic/steg1_bike.png Graphic file (type png)

<use pic/steg1_bike.png>
Package pdftex.def Info: pic/steg1_bike.png used on input line 213.
(pdftex.def)             Requested size: 108.04163pt x 108.03616pt.
 <pic/steg1_res.png, id=35, 513.92pt x 513.92pt>
File: pic/steg1_res.png Graphic file (type png)

<use pic/steg1_res.png>
Package pdftex.def Info: pic/steg1_res.png used on input line 214.
(pdftex.def)             Requested size: 108.04163pt x 108.03616pt.
 <pic/steg1_retr.png, id=36, 513.92pt x 513.92pt>
File: pic/steg1_retr.png Graphic file (type png)

<use pic/steg1_retr.png>
Package pdftex.def Info: pic/steg1_retr.png used on input line 215.
(pdftex.def)             Requested size: 108.04163pt x 108.03616pt.


LaTeX Warning: `!h' float specifier changed to `!ht'.

File: pic/steg1_len.png Graphic file (type png)
<use pic/steg1_len.png>
Package pdftex.def Info: pic/steg1_len.png used on input line 222.
(pdftex.def)             Requested size: 108.04163pt x 108.03616pt.
File: pic/steg1_bike.png Graphic file (type png)
 <use pic/steg1_bike.png>
Package pdftex.def Info: pic/steg1_bike.png used on input line 223.
(pdftex.def)             Requested size: 108.04163pt x 108.03616pt.

<pic/steg2_res.png, id=37, 513.92pt x 513.92pt>
File: pic/steg2_res.png Graphic file (type png)
 <use pic/steg2_res.png>
Package pdftex.def Info: pic/steg2_res.png used on input line 224.
(pdftex.def)             Requested size: 108.04163pt x 108.03616pt.

<pic/steg2_retr.png, id=38, 513.92pt x 513.92pt>
File: pic/steg2_retr.png Graphic file (type png)
 <use pic/steg2_retr.png>
Package pdftex.def Info: pic/steg2_retr.png used on input line 225.
(pdftex.def)             Requested size: 108.04163pt x 108.03616pt.


LaTeX Warning: `!h' float specifier changed to `!ht'.

File: pic/steg1_len.png Graphic file (type png)
<use pic/steg1_len.png>
Package pdftex.def Info: pic/steg1_len.png used on input line 232.
(pdftex.def)             Requested size: 108.04163pt x 108.03616pt.
File: pic/steg1_bike.png Graphic file (type png)
 <use pic/steg1_bike.png>
Package pdftex.def Info: pic/steg1_bike.png used on input line 233.
(pdftex.def)             Requested size: 108.04163pt x 108.03616pt.

<pic/steg3_res.png, id=39, 513.92pt x 513.92pt>
File: pic/steg3_res.png Graphic file (type png)
 <use pic/steg3_res.png>
Package pdftex.def Info: pic/steg3_res.png used on input line 234.
(pdftex.def)             Requested size: 108.04163pt x 108.03616pt.

<pic/steg3_retr.png, id=40, 513.92pt x 513.92pt>
File: pic/steg3_retr.png Graphic file (type png)
 <use pic/steg3_retr.png>
Package pdftex.def Info: pic/steg3_retr.png used on input line 235.
(pdftex.def)             Requested size: 108.04163pt x 108.03616pt.


LaTeX Warning: `!h' float specifier changed to `!ht'.

<pic/exp1_orig.jpg, id=41, 967.615pt x 600.2425pt>
File: pic/exp1_orig.jpg Graphic file (type jpg)
 <use pic/exp1_orig.jpg>
Package pdftex.def Info: pic/exp1_orig.jpg used on input line 255.
(pdftex.def)             Requested size: 187.89912pt x 116.55681pt.

<pic/exp1_sub.jpg, id=42, 5359.09846pt x 3324.42pt>
File: pic/exp1_sub.jpg Graphic file (type jpg)
 <use pic/exp1_sub.jpg>
Package pdftex.def Info: pic/exp1_sub.jpg used on input line 256.
(pdftex.def)             Requested size: 187.89912pt x 116.51877pt.

<pic/exp1_res.png, id=43, 967.615pt x 600.2425pt>
File: pic/exp1_res.png Graphic file (type png)
 <use pic/exp1_res.png>
Package pdftex.def Info: pic/exp1_res.png used on input line 257.
(pdftex.def)             Requested size: 187.89912pt x 116.55681pt.

<pic/exp1_retr.png, id=44, 967.615pt x 600.2425pt>
File: pic/exp1_retr.png Graphic file (type png)
 <use pic/exp1_retr.png>
Package pdftex.def Info: pic/exp1_retr.png used on input line 258.
(pdftex.def)             Requested size: 187.89912pt x 116.55681pt.


LaTeX Warning: `!h' float specifier changed to `!ht'.

[4 <./pic/whiteN1.png (PNG copy)> <./pic/whiteN2.png (PNG copy)> <./pic/whiteN3
.png (PNG copy)> <./pic/whiteN4.png (PNG copy)> <./pic/whiteN5.png (PNG copy)> 
<./pic/whiteN6.png (PNG copy)>]

LaTeX Warning: Text page 5 contains only floats.

[5 <./pic/blackN1.png (PNG copy)> <./pic/blackN2.png (PNG copy)> <./pic/blackN3
.png (PNG copy)> <./pic/blackN4.png (PNG copy)> <./pic/blackN5.png (PNG copy)> 
<./pic/blackN6.png (PNG copy)> <./pic/blackN7.png (PNG copy)> <./pic/steg1_len.
png (PNG copy)> <./pic/steg1_bike.png (PNG copy)> <./pic/steg1_res.png (PNG cop
y)> <./pic/steg1_retr.png (PNG copy)>]
Overfull \vbox (4.45932pt too high) has occurred while \output is active []


[6 <./pic/steg2_res.png (PNG copy)> <./pic/steg2_retr.png (PNG copy)> <./pic/st
eg3_res.png (PNG copy)> <./pic/steg3_retr.png (PNG copy)> <./pic/exp1_orig.jpg>
 <./pic/exp1_sub.jpg> <./pic/exp1_res.png (PNG copy)> <./pic/exp1_retr.png (PNG
 copy)>] 
AED: lastpage setting LastPage
[7] (./assignment_4.aux) ) 
Here is how much of TeX's memory you used:
 5431 strings out of 495028
 81908 string characters out of 6181497
 240382 words of memory out of 5000000
 8554 multiletter control sequences out of 15000+600000
 9522 words of font info for 34 fonts, out of 8000000 for 9000
 14 hyphenation exceptions out of 8191
 38i,10n,43p,1374b,307s stack positions out of 5000i,500n,10000p,200000b,80000s
</usr/share/texlive/texmf-dist/fonts/type1/public/ams
fonts/cm/cmbx10.pfb></usr/share/texlive/texmf-dist/fonts/type1/public/amsfonts/
cm/cmbx12.pfb></usr/share/texlive/texmf-dist/fonts/type1/public/amsfonts/cm/cmr
10.pfb></usr/share/texlive/texmf-dist/fonts/type1/public/amsfonts/cm/cmr9.pfb><
/usr/share/texlive/texmf-dist/fonts/type1/public/amsfonts/cm/cmti12.pfb>
Output written on assignment_4.pdf (7 pages, 5798030 bytes).
PDF statistics:
 76 PDF objects out of 1000 (max. 8388607)
 34 compressed objects within 1 object stream
 0 named destinations out of 1000 (max. 500000)
 131 words of extra memory for PDF output out of 10000 (max. 10000000)

